Using pre-set license
Built from '2020.2/staging' branch; Version is '2020.2.6f1 (8a2143876886) revision 9052483'; Using compiler version '192528614'; Build Type 'Release'
OS: 'Windows 10 Pro; OS build 19042.928; Version 2009; 64bit' Language: 'ru' Physical Memory: 8076 MB
BatchMode: 1, IsHumanControllingUs: 0, StartBugReporterOnCrash: 0, Is64bit: 1, IsPro: 0

 COMMAND LINE ARGUMENTS:
D:\Programs\Unity\2020.2.6f1\Editor\Unity.exe
-adb2
-batchMode
-noUpm
-name
AssetImportWorker0
-projectPath
D:/Projects/Coursera/Unity/3DFPS
-logFile
Logs/AssetImportWorker0.log
-srvPort
54373
Successfully changed project path to: D:/Projects/Coursera/Unity/3DFPS
D:/Projects/Coursera/Unity/3DFPS
Using Asset Import Pipeline V2.
Refreshing native plugins compatible for Editor in 84.10 ms, found 0 plugins.
Preloading 0 native plugins for Editor in 0.00 ms.
Initialize engine version: 2020.2.6f1 (8a2143876886)
[Subsystems] Discovering subsystems at path D:/Programs/Unity/2020.2.6f1/Editor/Data/Resources/UnitySubsystems
[Subsystems] Discovering subsystems at path D:/Projects/Coursera/Unity/3DFPS/Assets
GfxDevice: creating device client; threaded=0
Direct3D:
    Version:  Direct3D 11.0 [level 11.1]
    Renderer: NVIDIA GeForce GTX 1660 Ti (ID=0x2182)
    Vendor:   
    VRAM:     5991 MB
    Driver:   27.21.14.6627
Initialize mono
Mono path[0] = 'D:/Programs/Unity/2020.2.6f1/Editor/Data/Managed'
Mono path[1] = 'D:/Programs/Unity/2020.2.6f1/Editor/Data/MonoBleedingEdge/lib/mono/unityjit'
Mono config path = 'D:/Programs/Unity/2020.2.6f1/Editor/Data/MonoBleedingEdge/etc'
Using monoOptions --debugger-agent=transport=dt_socket,embedding=1,server=y,suspend=n,address=127.0.0.1:56084
Begin MonoManager ReloadAssembly
Registering precompiled unity dll's ...
Register platform support module: D:/Programs/Unity/2020.2.6f1/Editor/Data/PlaybackEngines/WebGLSupport/UnityEditor.WebGL.Extensions.dll
Register platform support module: D:/Programs/Unity/2020.2.6f1/Editor/Data/PlaybackEngines/WindowsStandaloneSupport/UnityEditor.WindowsStandalone.Extensions.dll
Registered in 0.001477 seconds.
Native extension for WindowsStandalone target not found
Native extension for WebGL target not found
Refreshing native plugins compatible for Editor in 72.21 ms, found 0 plugins.
Preloading 0 native plugins for Editor in 0.00 ms.
Invoked RoslynAnalysisRunner static constructor.
RoslynAnalysisRunner will not be running.
RoslynAnalysisRunner has terminated.
Mono: successfully reloaded assembly
- Completed reload, in  1.531 seconds
Platform modules already initialized, skipping
Registering precompiled user dll's ...
Registered in 0.002456 seconds.
Begin MonoManager ReloadAssembly
Native extension for WindowsStandalone target not found
Native extension for WebGL target not found
Refreshing native plugins compatible for Editor in 79.33 ms, found 0 plugins.
Preloading 0 native plugins for Editor in 0.00 ms.
Invoked RoslynAnalysisRunner static constructor.
RoslynAnalysisRunner will not be running.
RoslynAnalysisRunner has terminated.
Mono: successfully reloaded assembly
- Completed reload, in  1.535 seconds
Platform modules already initialized, skipping
========================================================================
Worker process is ready to serve import requests
Shader 'Universal Render Pipeline/Particles/Lit': fallback shader 'Universal Render Pipeline/Particles/SimpleLit' not found
Shader 'Universal Render Pipeline/Particles/Lit': fallback shader 'Universal Render Pipeline/Particles/SimpleLit' not found
Launched and connected shader compiler UnityShaderCompiler.exe after 0.06 seconds
Refreshing native plugins compatible for Editor in 1.19 ms, found 0 plugins.
Preloading 0 native plugins for Editor in 0.00 ms.
Unloading 2771 Unused Serialized files (Serialized files now loaded: 0)
System memory in use before: 129.3 MB.
System memory in use after: 127.5 MB.

Unloading 41 unused Assets to reduce memory usage. Loaded Objects now: 3192.
Total: 4.795900 ms (FindLiveObjects: 0.412800 ms CreateObjectMapping: 0.290100 ms MarkObjects: 2.780700 ms  DeleteObjects: 1.311100 ms)

========================================================================
Received Import Request.
  path: Assets/Audio/Music/FinalBoss.wav
  artifactKey: Guid(e53179e6504e99449b5970124891936f) Importer(815301076,1909f56bfc062723c751e8b465ee728b)
Start importing Assets/Audio/Music/FinalBoss.wav using Guid(e53179e6504e99449b5970124891936f) Importer(815301076,1909f56bfc062723c751e8b465ee728b)  -> (artifact id: '671b8b094f2cd5d14889b00008c6acff') in 0.168995 seconds
  Import took 0.178620 seconds .

========================================================================
Received Import Request.
  Time since last request: 0.000304 seconds.
  path: Assets/Prefabs/UI/Boss
  artifactKey: Guid(f200f68b62f5f234c9973322d3b32500) Importer(815301076,1909f56bfc062723c751e8b465ee728b)
Start importing Assets/Prefabs/UI/Boss using Guid(f200f68b62f5f234c9973322d3b32500) Importer(815301076,1909f56bfc062723c751e8b465ee728b)  -> (artifact id: '56e471a496192f13f802ea9961a35fc5') in 0.001981 seconds
  Import took 0.009307 seconds .

========================================================================
Received Import Request.
  Time since last request: 16.771702 seconds.
  path: Assets/_Scence/Level2.unity
  artifactKey: Guid(0480a6cb186b0914ba091b01f229467c) Importer(815301076,1909f56bfc062723c751e8b465ee728b)
Start importing Assets/_Scence/Level2.unity using Guid(0480a6cb186b0914ba091b01f229467c) Importer(815301076,1909f56bfc062723c751e8b465ee728b)  -> (artifact id: '95ffef6e36a1dfff1767d2e4357eb887') in 0.002790 seconds
  Import took 0.012708 seconds .

========================================================================
Received Import Request.
  Time since last request: 192.080374 seconds.
  path: Assets/URP Assets/Presets/AudioCompressedInMemory.preset
  artifactKey: Guid(2dd802e4d37c65149922028d3e973832) Importer(815301076,1909f56bfc062723c751e8b465ee728b)
Start importing Assets/URP Assets/Presets/AudioCompressedInMemory.preset using Guid(2dd802e4d37c65149922028d3e973832) Importer(815301076,1909f56bfc062723c751e8b465ee728b)  -> (artifact id: '91774d84709cbe3bf7e3385813abd40e') in 0.008147 seconds
  Import took 0.014437 seconds .

========================================================================
Received Import Request.
  Time since last request: 1.976882 seconds.
  path: Assets/Terrains/Level1 Terrain.asset
  artifactKey: Guid(d0b1256118524214b9915bd5158ef8a9) Importer(815301076,1909f56bfc062723c751e8b465ee728b)
Start importing Assets/Terrains/Level1 Terrain.asset using Guid(d0b1256118524214b9915bd5158ef8a9) Importer(815301076,1909f56bfc062723c751e8b465ee728b)  -> (artifact id: '5c09f97a44cf63ff20fa5d300ce20f2e') in 0.060554 seconds
  Import took 0.068560 seconds .

========================================================================
Received Import Request.
  Time since last request: 0.000351 seconds.
  path: Assets/URP Assets/ExampleAssets/Models/magneticlevel_low.fbx
  artifactKey: Guid(bae110eee250e4b418b188f4ae4e3170) Importer(815301076,1909f56bfc062723c751e8b465ee728b)
Start importing Assets/URP Assets/ExampleAssets/Models/magneticlevel_low.fbx using Guid(bae110eee250e4b418b188f4ae4e3170) Importer(815301076,1909f56bfc062723c751e8b465ee728b)  -> (artifact id: '4543e53de6cebe92388d2b38e602fe6b') in 0.353716 seconds
  Import took 0.362450 seconds .

========================================================================
Received Import Request.
  Time since last request: 0.000277 seconds.
  path: Assets/Prefabs/Environment/Doors/LevelEndPortal.prefab
  artifactKey: Guid(321d94a164b2dc249a76a1b523b66cfd) Importer(815301076,1909f56bfc062723c751e8b465ee728b)
Start importing Assets/Prefabs/Environment/Doors/LevelEndPortal.prefab using Guid(321d94a164b2dc249a76a1b523b66cfd) Importer(815301076,1909f56bfc062723c751e8b465ee728b)  -> (artifact id: '018577f3426a782b0bb4c4c68ecd24cd') in 0.023557 seconds
  Import took 0.031350 seconds .

========================================================================
Received Import Request.
  Time since last request: 0.000369 seconds.
  path: Assets/Terrains/Level2 Terrain.asset
  artifactKey: Guid(26f015c1a143345409f3b91ea193dee7) Importer(815301076,1909f56bfc062723c751e8b465ee728b)
Start importing Assets/Terrains/Level2 Terrain.asset using Guid(26f015c1a143345409f3b91ea193dee7) Importer(815301076,1909f56bfc062723c751e8b465ee728b)  -> (artifact id: '839eba2e01ee9c8372229fe873355c75') in 0.023762 seconds
  Import took 0.032218 seconds .

========================================================================
Received Import Request.
  Time since last request: 100.846576 seconds.
  path: Assets/URP Assets/ExampleAssets/Materials/Plastic_Transparent.mat
  artifactKey: Guid(8a38b7350df9a9c438e568993a00e5c5) Importer(815301076,1909f56bfc062723c751e8b465ee728b)
Start importing Assets/URP Assets/ExampleAssets/Materials/Plastic_Transparent.mat using Guid(8a38b7350df9a9c438e568993a00e5c5) Importer(815301076,1909f56bfc062723c751e8b465ee728b)  -> (artifact id: '6ccb9abe088b03415d95acd7bff6c791') in 0.022835 seconds
  Import took 0.033404 seconds .

========================================================================
Received Import Request.
  Time since last request: 0.000255 seconds.
  path: Assets/URP Assets/ExampleAssets/Models/safetygoggles_low.fbx
  artifactKey: Guid(6296e48663fd7ad46b1a2af507f871cf) Importer(815301076,1909f56bfc062723c751e8b465ee728b)
Start importing Assets/URP Assets/ExampleAssets/Models/safetygoggles_low.fbx using Guid(6296e48663fd7ad46b1a2af507f871cf) Importer(815301076,1909f56bfc062723c751e8b465ee728b)  -> (artifact id: 'b0a597830e73be8bd4df883eecf92885') in 0.051488 seconds
  Import took 0.061081 seconds .

========================================================================
Received Import Request.
  Time since last request: 0.000274 seconds.
  path: Assets/Materials/Effects/Sparks White.mat
  artifactKey: Guid(ed59729ded6354749afa66dbd9b03e76) Importer(815301076,1909f56bfc062723c751e8b465ee728b)
Start importing Assets/Materials/Effects/Sparks White.mat using Guid(ed59729ded6354749afa66dbd9b03e76) Importer(815301076,1909f56bfc062723c751e8b465ee728b)  -> (artifact id: '9286704936afb42ea4178e51b9e4c9c8') in 0.699172 seconds
  Import took 0.706045 seconds .

========================================================================
Received Import Request.
  Time since last request: 0.000416 seconds.
  path: Assets/Prefabs/Enemies/_Spawners/Spawner_FlyingSelfDestruct.prefab
  artifactKey: Guid(884842208ca2b1c449c81db6b8ed7d87) Importer(815301076,1909f56bfc062723c751e8b465ee728b)
Start importing Assets/Prefabs/Enemies/_Spawners/Spawner_FlyingSelfDestruct.prefab using Guid(884842208ca2b1c449c81db6b8ed7d87) Importer(815301076,1909f56bfc062723c751e8b465ee728b)  -> (artifact id: 'beea9dc33f35e4db9dec2835290f7786') in 0.066288 seconds
  Import took 0.078328 seconds .

========================================================================
Received Import Request.
  Time since last request: 0.000225 seconds.
  path: Assets/Prefabs/Effects/Mini Missile/SparksOneShot.prefab
  artifactKey: Guid(0bc8a85866ceb0244b172fddd1a9894c) Importer(815301076,1909f56bfc062723c751e8b465ee728b)
Start importing Assets/Prefabs/Effects/Mini Missile/SparksOneShot.prefab using Guid(0bc8a85866ceb0244b172fddd1a9894c) Importer(815301076,1909f56bfc062723c751e8b465ee728b)  -> (artifact id: '8eb0b6af573a792f4c27624c144d1985') in 0.005829 seconds
  Import took 0.015231 seconds .

========================================================================
Received Import Request.
  Time since last request: 0.000206 seconds.
  path: Assets/Prefabs/Effects/Mini Missile/SparksContinuous.prefab
  artifactKey: Guid(46a3958eeefb5c44e83e0bd4c7d27cdc) Importer(815301076,1909f56bfc062723c751e8b465ee728b)
Start importing Assets/Prefabs/Effects/Mini Missile/SparksContinuous.prefab using Guid(46a3958eeefb5c44e83e0bd4c7d27cdc) Importer(815301076,1909f56bfc062723c751e8b465ee728b)  -> (artifact id: '7f21dff2a43c92683ef66788d95bccd1') in 0.003579 seconds
  Import took 0.010960 seconds .

========================================================================
Received Import Request.
  Time since last request: 0.001968 seconds.
  path: Assets/Prefabs/Enemies/_Spawners/Spawner_FlyingShooter.prefab
  artifactKey: Guid(d32d2e63f38a6e54aa57282e32063284) Importer(815301076,1909f56bfc062723c751e8b465ee728b)
Start importing Assets/Prefabs/Enemies/_Spawners/Spawner_FlyingShooter.prefab using Guid(d32d2e63f38a6e54aa57282e32063284) Importer(815301076,1909f56bfc062723c751e8b465ee728b)  -> (artifact id: 'ca87701f9db9a7d4a1468757490801ce') in 0.054793 seconds
  Import took 0.067719 seconds .

========================================================================
Received Import Request.
  Time since last request: 0.000273 seconds.
  path: Assets/Art/FBXImports/Enemies/QueenImports/Spawner.fbx
  artifactKey: Guid(4b9abe3a8d35b134bbbdcb2b4d1b87b8) Importer(815301076,1909f56bfc062723c751e8b465ee728b)
Start importing Assets/Art/FBXImports/Enemies/QueenImports/Spawner.fbx using Guid(4b9abe3a8d35b134bbbdcb2b4d1b87b8) Importer(815301076,1909f56bfc062723c751e8b465ee728b)  -> (artifact id: '3c92c0d82fa9672396226318a055ceae') in 0.043149 seconds
  Import took 0.056018 seconds .

========================================================================
Received Import Request.
  Time since last request: 0.000300 seconds.
  path: Assets/Materials/Effects/Sparks.mat
  artifactKey: Guid(00ad12c79ea910f44955098de7395977) Importer(815301076,1909f56bfc062723c751e8b465ee728b)
Start importing Assets/Materials/Effects/Sparks.mat using Guid(00ad12c79ea910f44955098de7395977) Importer(815301076,1909f56bfc062723c751e8b465ee728b)  -> (artifact id: 'c36927c690337319768be2d9b3a5e181') in 0.009770 seconds
  Import took 0.017678 seconds .

========================================================================
Received Import Request.
  Time since last request: 0.378804 seconds.
  path: Assets/Prefabs/Enemies/_Spawners
  artifactKey: Guid(448c56c942377354b95e02b8f858dd4f) Importer(815301076,1909f56bfc062723c751e8b465ee728b)
Start importing Assets/Prefabs/Enemies/_Spawners using Guid(448c56c942377354b95e02b8f858dd4f) Importer(815301076,1909f56bfc062723c751e8b465ee728b)  -> (artifact id: '929e619c91814e702e72b4027b4bd0cf') in 0.001892 seconds
  Import took 0.010321 seconds .

========================================================================
Received Prepare
Registering precompiled user dll's ...
Registered in 0.001348 seconds.
Begin MonoManager ReloadAssembly
Native extension for WindowsStandalone target not found
Native extension for WebGL target not found
Refreshing native plugins compatible for Editor in 0.64 ms, found 0 plugins.
Preloading 0 native plugins for Editor in 0.00 ms.
Invoked RoslynAnalysisRunner static constructor.
RoslynAnalysisRunner will not be running.
RoslynAnalysisRunner has terminated.
Mono: successfully reloaded assembly
- Completed reload, in  1.446 seconds
Platform modules already initialized, skipping
Shader 'Universal Render Pipeline/Particles/Lit': fallback shader 'Universal Render Pipeline/Particles/SimpleLit' not found
Shader 'Universal Render Pipeline/Particles/Lit': fallback shader 'Universal Render Pipeline/Particles/SimpleLit' not found
Refreshing native plugins compatible for Editor in 0.70 ms, found 0 plugins.
Preloading 0 native plugins for Editor in 0.00 ms.
Unloading 2688 Unused Serialized files (Serialized files now loaded: 0)
System memory in use before: 132.9 MB.
System memory in use after: 131.6 MB.

Unloading 28 unused Assets to reduce memory usage. Loaded Objects now: 3296.
Total: 4.891200 ms (FindLiveObjects: 0.560300 ms CreateObjectMapping: 0.332000 ms MarkObjects: 2.976000 ms  DeleteObjects: 1.020800 ms)

========================================================================
Received Prepare
Registering precompiled user dll's ...
Registered in 0.001674 seconds.
Begin MonoManager ReloadAssembly
Native extension for WindowsStandalone target not found
Native extension for WebGL target not found
Refreshing native plugins compatible for Editor in 0.71 ms, found 0 plugins.
Preloading 0 native plugins for Editor in 0.00 ms.
Invoked RoslynAnalysisRunner static constructor.
RoslynAnalysisRunner will not be running.
RoslynAnalysisRunner has terminated.
Mono: successfully reloaded assembly
- Completed reload, in  1.484 seconds
Platform modules already initialized, skipping
Shader 'Universal Render Pipeline/Particles/Lit': fallback shader 'Universal Render Pipeline/Particles/SimpleLit' not found
Shader 'Universal Render Pipeline/Particles/Lit': fallback shader 'Universal Render Pipeline/Particles/SimpleLit' not found
Refreshing native plugins compatible for Editor in 2.18 ms, found 0 plugins.
Preloading 0 native plugins for Editor in 0.00 ms.
Unloading 2676 Unused Serialized files (Serialized files now loaded: 0)
System memory in use before: 132.3 MB.
System memory in use after: 131.0 MB.

Unloading 28 unused Assets to reduce memory usage. Loaded Objects now: 3298.
Total: 15.301700 ms (FindLiveObjects: 0.781500 ms CreateObjectMapping: 0.471100 ms MarkObjects: 7.858600 ms  DeleteObjects: 6.187500 ms)

========================================================================
Received Import Request.
  Time since last request: 456.023674 seconds.
  path: Assets/_Scence/Level1.unity
  artifactKey: Guid(f6098c82bee904d41bbec329951d72fb) Importer(815301076,1909f56bfc062723c751e8b465ee728b)
Start importing Assets/_Scence/Level1.unity using Guid(f6098c82bee904d41bbec329951d72fb) Importer(815301076,1909f56bfc062723c751e8b465ee728b)  -> (artifact id: '26c00bf817fbc8f2bc84c804ceaa8499') in 0.024010 seconds
  Import took 0.033628 seconds .

========================================================================
Received Import Request.
  Time since last request: 596.733454 seconds.
  path: Assets/Prefabs/Utility/GameManager.prefab
  artifactKey: Guid(2eeecdcb14e8c8f45a1e7d37396f9b33) Importer(815301076,1909f56bfc062723c751e8b465ee728b)
Start importing Assets/Prefabs/Utility/GameManager.prefab using Guid(2eeecdcb14e8c8f45a1e7d37396f9b33) Importer(815301076,1909f56bfc062723c751e8b465ee728b)  -> (artifact id: '6720e00f510ef3a2a58b276e3a68caba') in 0.026223 seconds
  Import took 0.036489 seconds .

========================================================================
Received Import Request.
  Time since last request: 0.000317 seconds.
  path: Assets/Art/FBXImports/Environment/Doors/Outer_Wall_Gate.fbx
  artifactKey: Guid(0d6fc38a106f1e84a8dd47910f390a86) Importer(815301076,1909f56bfc062723c751e8b465ee728b)
Start importing Assets/Art/FBXImports/Environment/Doors/Outer_Wall_Gate.fbx using Guid(0d6fc38a106f1e84a8dd47910f390a86) Importer(815301076,1909f56bfc062723c751e8b465ee728b)  -> (artifact id: 'ad10b4db4fc0d1adb259c32453f98d45') in 0.521633 seconds
  Import took 0.531129 seconds .

========================================================================
Received Import Request.
  Time since last request: 0.000576 seconds.
  path: Assets/Audio/Music/InGameMusic.wav
  artifactKey: Guid(d2d0968df6183894f94a4fd7107af84c) Importer(815301076,1909f56bfc062723c751e8b465ee728b)
Start importing Assets/Audio/Music/InGameMusic.wav using Guid(d2d0968df6183894f94a4fd7107af84c) Importer(815301076,1909f56bfc062723c751e8b465ee728b)  -> (artifact id: 'f89ce163391e3761edd0a0e152ef3914') in 0.020430 seconds
  Import took 0.028493 seconds .

========================================================================
Received Import Request.
  Time since last request: 0.014067 seconds.
  path: Assets/Prefabs/Environment/Doors/OuterWallGate.prefab
  artifactKey: Guid(a463a51c85911b345b4cc83949ceba5c) Importer(815301076,1909f56bfc062723c751e8b465ee728b)
Start importing Assets/Prefabs/Environment/Doors/OuterWallGate.prefab using Guid(a463a51c85911b345b4cc83949ceba5c) Importer(815301076,1909f56bfc062723c751e8b465ee728b)  -> (artifact id: 'c476e313f1952d06e2bc823fad566cbf') in 0.056482 seconds
  Import took 0.066514 seconds .

========================================================================
Received Import Request.
  Time since last request: 7.721368 seconds.
  path: Assets/Art/Animation/Doors/Outer_Gate/OuterGate.controller
  artifactKey: Guid(3195c57114b35be48b1047ff6006da14) Importer(815301076,1909f56bfc062723c751e8b465ee728b)
Start importing Assets/Art/Animation/Doors/Outer_Gate/OuterGate.controller using Guid(3195c57114b35be48b1047ff6006da14) Importer(815301076,1909f56bfc062723c751e8b465ee728b)  -> (artifact id: 'afc8d1259588d08ac3fb94c2b52d3d44') in 0.007285 seconds
  Import took 0.018146 seconds .

========================================================================
Received Import Request.
  Time since last request: 0.000905 seconds.
  path: Assets/Art/Animation/Doors/Outer_Gate/OuterGate.controller
  artifactKey: Guid(3195c57114b35be48b1047ff6006da14) Importer(815301076,1909f56bfc062723c751e8b465ee728b)
Start importing Assets/Art/Animation/Doors/Outer_Gate/OuterGate.controller using Guid(3195c57114b35be48b1047ff6006da14) Importer(815301076,1909f56bfc062723c751e8b465ee728b)  -> (artifact id: 'afc8d1259588d08ac3fb94c2b52d3d44') in 0.002972 seconds
  Import took 0.009726 seconds .

========================================================================
Received Import Request.
  Time since last request: 2.414567 seconds.
  path: Assets/Art/Animation/Doors/Outer_Gate
  artifactKey: Guid(daa7c9112a33dc347960c6c30ed6e7c8) Importer(815301076,1909f56bfc062723c751e8b465ee728b)
Start importing Assets/Art/Animation/Doors/Outer_Gate using Guid(daa7c9112a33dc347960c6c30ed6e7c8) Importer(815301076,1909f56bfc062723c751e8b465ee728b)  -> (artifact id: '46414f146db934c245417508c54a6741') in 0.002068 seconds
  Import took 0.013721 seconds .

========================================================================
Received Import Request.
  Time since last request: 0.001232 seconds.
  path: Assets/Art/Animation/Doors/Outer_Gate
  artifactKey: Guid(daa7c9112a33dc347960c6c30ed6e7c8) Importer(815301076,1909f56bfc062723c751e8b465ee728b)
Start importing Assets/Art/Animation/Doors/Outer_Gate using Guid(daa7c9112a33dc347960c6c30ed6e7c8) Importer(815301076,1909f56bfc062723c751e8b465ee728b)  -> (artifact id: '46414f146db934c245417508c54a6741') in 0.002373 seconds
  Import took 0.010287 seconds .

========================================================================
Received Import Request.
  Time since last request: 375.004944 seconds.
  path: Assets/Art/FBXImports/Checkpoint/Checkpoint.fbx
  artifactKey: Guid(a79f8ec3e3faed54aa209b6eefa7430e) Importer(815301076,1909f56bfc062723c751e8b465ee728b)
Start importing Assets/Art/FBXImports/Checkpoint/Checkpoint.fbx using Guid(a79f8ec3e3faed54aa209b6eefa7430e) Importer(815301076,1909f56bfc062723c751e8b465ee728b)  -> (artifact id: '47cb0af5da71b4106a384e3916cc4f5c') in 0.217280 seconds
  Import took 0.228508 seconds .

========================================================================
Received Import Request.
  Time since last request: 0.000252 seconds.
  path: Assets/Prefabs/Environment/Checkpoint/Checkpoint.prefab
  artifactKey: Guid(3788471cf6b3e614f98506adaf3e1468) Importer(815301076,1909f56bfc062723c751e8b465ee728b)
Start importing Assets/Prefabs/Environment/Checkpoint/Checkpoint.prefab using Guid(3788471cf6b3e614f98506adaf3e1468) Importer(815301076,1909f56bfc062723c751e8b465ee728b)  -> (artifact id: 'b603fcbca53a313794b43d3c59583adc') in 0.029790 seconds
  Import took 0.036478 seconds .

========================================================================
Received Import Request.
  Time since last request: 0.000240 seconds.
  path: Assets/Audio/SFX/Environment/Checkpoint.wav
  artifactKey: Guid(81d3bfe4c1a5eb94096d9e87ef17be1c) Importer(815301076,1909f56bfc062723c751e8b465ee728b)
Start importing Assets/Audio/SFX/Environment/Checkpoint.wav using Guid(81d3bfe4c1a5eb94096d9e87ef17be1c) Importer(815301076,1909f56bfc062723c751e8b465ee728b)  -> (artifact id: 'e87357876ee47c298414c0908a1e492f') in 0.009349 seconds
  Import took 0.015998 seconds .

========================================================================
Received Import Request.
  Time since last request: 1.218351 seconds.
  path: Assets/Art/Animation/Checkpoint
  artifactKey: Guid(981e92bc476962b47aa058a640e4d0b1) Importer(815301076,1909f56bfc062723c751e8b465ee728b)
Start importing Assets/Art/Animation/Checkpoint using Guid(981e92bc476962b47aa058a640e4d0b1) Importer(815301076,1909f56bfc062723c751e8b465ee728b)  -> (artifact id: '0b2ad95ff5e456bf0ec70705cf29e14f') in 0.003884 seconds
  Import took 0.012340 seconds .

========================================================================
Received Import Request.
  Time since last request: 152.632045 seconds.
  path: Assets/_Scence/Level2.unity
  artifactKey: Guid(0480a6cb186b0914ba091b01f229467c) Importer(815301076,1909f56bfc062723c751e8b465ee728b)
Start importing Assets/_Scence/Level2.unity using Guid(0480a6cb186b0914ba091b01f229467c) Importer(815301076,1909f56bfc062723c751e8b465ee728b)  -> (artifact id: '2c2d55f796a09096282d5e9d8701db53') in 0.002190 seconds
  Import took 0.013798 seconds .

========================================================================
Received Import Request.
  Time since last request: 0.001011 seconds.
  path: Assets/_Scence/Level2.unity
  artifactKey: Guid(0480a6cb186b0914ba091b01f229467c) Importer(815301076,1909f56bfc062723c751e8b465ee728b)
Start importing Assets/_Scence/Level2.unity using Guid(0480a6cb186b0914ba091b01f229467c) Importer(815301076,1909f56bfc062723c751e8b465ee728b)  -> (artifact id: '2c2d55f796a09096282d5e9d8701db53') in 0.001610 seconds
  Import took 0.008092 seconds .

========================================================================
Received Import Request.
  Time since last request: 290.338811 seconds.
  path: Assets/_Scence/Level1.unity
  artifactKey: Guid(f6098c82bee904d41bbec329951d72fb) Importer(815301076,1909f56bfc062723c751e8b465ee728b)
Start importing Assets/_Scence/Level1.unity using Guid(f6098c82bee904d41bbec329951d72fb) Importer(815301076,1909f56bfc062723c751e8b465ee728b)  -> (artifact id: 'a83b5b17184787520a14f2b8b17a9963') in 0.001941 seconds
  Import took 0.012644 seconds .

AssetImportWorkerClient::OnTransportError - code=2 error=End of file
